{"/Users/wxnet/Projects/talkingdata/flclover/lib/application.js":{"path":"/Users/wxnet/Projects/talkingdata/flclover/lib/application.js","s":{"1":1,"2":1,"3":1,"4":1,"5":11,"6":11,"7":11,"8":10,"9":9,"10":8,"11":8,"12":8,"13":3,"14":3,"15":8,"16":8,"17":1},"b":{"1":[3,5]},"f":{"1":11},"fnMap":{"1":{"name":"(anonymous_1)","line":7,"loc":{"start":{"line":7,"column":13},"end":{"line":7,"column":23}}}},"statementMap":{"1":{"start":{"line":1,"column":0},"end":{"line":1,"column":38}},"2":{"start":{"line":2,"column":0},"end":{"line":2,"column":25}},"3":{"start":{"line":3,"column":0},"end":{"line":3,"column":33}},"4":{"start":{"line":4,"column":0},"end":{"line":4,"column":33}},"5":{"start":{"line":8,"column":4},"end":{"line":8,"column":12}},"6":{"start":{"line":9,"column":4},"end":{"line":9,"column":36}},"7":{"start":{"line":10,"column":4},"end":{"line":10,"column":98}},"8":{"start":{"line":11,"column":4},"end":{"line":11,"column":86}},"9":{"start":{"line":12,"column":4},"end":{"line":12,"column":106}},"10":{"start":{"line":14,"column":4},"end":{"line":14,"column":23}},"11":{"start":{"line":15,"column":4},"end":{"line":15,"column":49}},"12":{"start":{"line":16,"column":4},"end":{"line":20,"column":5}},"13":{"start":{"line":17,"column":6},"end":{"line":19,"column":9}},"14":{"start":{"line":18,"column":8},"end":{"line":18,"column":86}},"15":{"start":{"line":21,"column":4},"end":{"line":21,"column":35}},"16":{"start":{"line":22,"column":4},"end":{"line":22,"column":33}},"17":{"start":{"line":25,"column":0},"end":{"line":25,"column":29}}},"branchMap":{"1":{"line":16,"type":"if","locations":[{"start":{"line":16,"column":4},"end":{"line":16,"column":4}},{"start":{"line":16,"column":4},"end":{"line":16,"column":4}}]}}},"/Users/wxnet/Projects/talkingdata/flclover/lib/utils/index.js":{"path":"/Users/wxnet/Projects/talkingdata/flclover/lib/utils/index.js","s":{"1":1,"2":21,"3":21,"4":20,"5":2,"6":18,"7":3,"8":15,"9":1,"10":1,"11":14,"12":14,"13":10,"14":4},"b":{"1":[2,18],"2":[3,15],"3":[2,1]},"f":{"1":21,"2":14},"fnMap":{"1":{"name":"(anonymous_1)","line":3,"loc":{"start":{"line":3,"column":10},"end":{"line":3,"column":21}}},"2":{"name":"(anonymous_2)","line":17,"loc":{"start":{"line":17,"column":14},"end":{"line":17,"column":25}}}},"statementMap":{"1":{"start":{"line":1,"column":0},"end":{"line":25,"column":2}},"2":{"start":{"line":4,"column":4},"end":{"line":15,"column":5}},"3":{"start":{"line":6,"column":6},"end":{"line":6,"column":36}},"4":{"start":{"line":7,"column":6},"end":{"line":7,"column":27}},"5":{"start":{"line":7,"column":16},"end":{"line":7,"column":27}},"6":{"start":{"line":10,"column":6},"end":{"line":10,"column":70}},"7":{"start":{"line":10,"column":26},"end":{"line":10,"column":70}},"8":{"start":{"line":11,"column":6},"end":{"line":11,"column":17}},"9":{"start":{"line":13,"column":6},"end":{"line":13,"column":75}},"10":{"start":{"line":14,"column":6},"end":{"line":14,"column":16}},"11":{"start":{"line":18,"column":4},"end":{"line":23,"column":5}},"12":{"start":{"line":19,"column":6},"end":{"line":19,"column":32}},"13":{"start":{"line":20,"column":6},"end":{"line":20,"column":18}},"14":{"start":{"line":22,"column":6},"end":{"line":22,"column":19}}},"branchMap":{"1":{"line":7,"type":"if","locations":[{"start":{"line":7,"column":6},"end":{"line":7,"column":6}},{"start":{"line":7,"column":6},"end":{"line":7,"column":6}}]},"2":{"line":10,"type":"if","locations":[{"start":{"line":10,"column":6},"end":{"line":10,"column":6}},{"start":{"line":10,"column":6},"end":{"line":10,"column":6}}]},"3":{"line":10,"type":"cond-expr","locations":[{"start":{"line":10,"column":52},"end":{"line":10,"column":63}},{"start":{"line":10,"column":66},"end":{"line":10,"column":69}}]}}},"/Users/wxnet/Projects/talkingdata/flclover/index.js":{"path":"/Users/wxnet/Projects/talkingdata/flclover/index.js","s":{"1":1},"b":{},"f":{},"fnMap":{},"statementMap":{"1":{"start":{"line":1,"column":0},"end":{"line":1,"column":43}}},"branchMap":{}},"/Users/wxnet/Projects/talkingdata/flclover/lib/flclover.js":{"path":"/Users/wxnet/Projects/talkingdata/flclover/lib/flclover.js","s":{"1":1,"2":1,"3":1,"4":1,"5":1,"6":1,"7":1,"8":1,"9":1,"10":1,"11":1,"12":7,"13":7,"14":7,"15":7,"16":6,"17":5,"18":4,"19":4,"20":4,"21":0,"22":0,"23":4,"24":4,"25":2,"26":4,"27":4,"28":4,"29":4,"30":4,"31":5,"32":4,"33":4,"34":4,"35":4},"b":{"1":[7,0],"2":[5,2],"3":[2,2],"4":[0,4],"5":[4,4],"6":[2,2],"7":[4,4]},"f":{},"fnMap":{},"statementMap":{"1":{"start":{"line":1,"column":0},"end":{"line":1,"column":33}},"2":{"start":{"line":2,"column":0},"end":{"line":2,"column":33}},"3":{"start":{"line":3,"column":0},"end":{"line":3,"column":45}},"4":{"start":{"line":4,"column":0},"end":{"line":4,"column":25}},"5":{"start":{"line":5,"column":0},"end":{"line":5,"column":33}},"6":{"start":{"line":6,"column":0},"end":{"line":6,"column":37}},"7":{"start":{"line":7,"column":0},"end":{"line":7,"column":40}},"8":{"start":{"line":8,"column":0},"end":{"line":8,"column":54}},"9":{"start":{"line":9,"column":0},"end":{"line":9,"column":48}},"10":{"start":{"line":10,"column":0},"end":{"line":10,"column":54}},"11":{"start":{"line":12,"column":0},"end":{"line":67,"column":2}},"12":{"start":{"line":13,"column":2},"end":{"line":13,"column":51}},"13":{"start":{"line":14,"column":2},"end":{"line":14,"column":77}},"14":{"start":{"line":15,"column":2},"end":{"line":17,"column":5}},"15":{"start":{"line":18,"column":2},"end":{"line":18,"column":89}},"16":{"start":{"line":19,"column":2},"end":{"line":19,"column":110}},"17":{"start":{"line":20,"column":2},"end":{"line":20,"column":127}},"18":{"start":{"line":23,"column":2},"end":{"line":24,"column":44}},"19":{"start":{"line":25,"column":2},"end":{"line":25,"column":40}},"20":{"start":{"line":26,"column":2},"end":{"line":30,"column":3}},"21":{"start":{"line":27,"column":4},"end":{"line":29,"column":7}},"22":{"start":{"line":28,"column":6},"end":{"line":28,"column":93}},"23":{"start":{"line":33,"column":2},"end":{"line":44,"column":6}},"24":{"start":{"line":45,"column":2},"end":{"line":47,"column":3}},"25":{"start":{"line":46,"column":4},"end":{"line":46,"column":25}},"26":{"start":{"line":48,"column":2},"end":{"line":50,"column":6}},"27":{"start":{"line":51,"column":2},"end":{"line":51,"column":47}},"28":{"start":{"line":54,"column":2},"end":{"line":54,"column":30}},"29":{"start":{"line":55,"column":2},"end":{"line":55,"column":24}},"30":{"start":{"line":56,"column":2},"end":{"line":58,"column":5}},"31":{"start":{"line":57,"column":4},"end":{"line":57,"column":88}},"32":{"start":{"line":59,"column":2},"end":{"line":59,"column":62}},"33":{"start":{"line":60,"column":2},"end":{"line":60,"column":38}},"34":{"start":{"line":62,"column":2},"end":{"line":64,"column":32}},"35":{"start":{"line":66,"column":2},"end":{"line":66,"column":13}}},"branchMap":{"1":{"line":13,"type":"binary-expr","locations":[{"start":{"line":13,"column":18},"end":{"line":13,"column":33}},{"start":{"line":13,"column":37},"end":{"line":13,"column":50}}]},"2":{"line":14,"type":"cond-expr","locations":[{"start":{"line":14,"column":55},"end":{"line":14,"column":59}},{"start":{"line":14,"column":62},"end":{"line":14,"column":76}}]},"3":{"line":23,"type":"cond-expr","locations":[{"start":{"line":24,"column":3},"end":{"line":24,"column":38}},{"start":{"line":24,"column":41},"end":{"line":24,"column":43}}]},"4":{"line":26,"type":"if","locations":[{"start":{"line":26,"column":2},"end":{"line":26,"column":2}},{"start":{"line":26,"column":2},"end":{"line":26,"column":2}}]},"5":{"line":33,"type":"binary-expr","locations":[{"start":{"line":33,"column":21},"end":{"line":33,"column":38}},{"start":{"line":33,"column":42},"end":{"line":44,"column":3}}]},"6":{"line":45,"type":"if","locations":[{"start":{"line":45,"column":2},"end":{"line":45,"column":2}},{"start":{"line":45,"column":2},"end":{"line":45,"column":2}}]},"7":{"line":48,"type":"binary-expr","locations":[{"start":{"line":48,"column":25},"end":{"line":48,"column":46}},{"start":{"line":48,"column":50},"end":{"line":50,"column":3}}]}}},"/Users/wxnet/Projects/talkingdata/flclover/lib/middleware/logger/index.js":{"path":"/Users/wxnet/Projects/talkingdata/flclover/lib/middleware/logger/index.js","s":{"1":1,"2":1,"3":1,"4":1,"5":4,"6":4,"7":4,"8":4,"9":4,"10":2,"11":0,"12":2,"13":0,"14":0,"15":0,"16":0,"17":2},"b":{"1":[0,2]},"f":{"1":4,"2":2,"3":0,"4":0,"5":0,"6":0},"fnMap":{"1":{"name":"createLoggers","line":5,"loc":{"start":{"line":5,"column":17},"end":{"line":5,"column":54}}},"2":{"name":"featherLogger","line":17,"loc":{"start":{"line":17,"column":9},"end":{"line":17,"column":43}}},"3":{"name":"(anonymous_3)","line":20,"loc":{"start":{"line":20,"column":11},"end":{"line":20,"column":17}}},"4":{"name":"(anonymous_4)","line":23,"loc":{"start":{"line":23,"column":10},"end":{"line":23,"column":16}}},"5":{"name":"(anonymous_5)","line":26,"loc":{"start":{"line":26,"column":10},"end":{"line":26,"column":16}}},"6":{"name":"(anonymous_6)","line":29,"loc":{"start":{"line":29,"column":11},"end":{"line":29,"column":17}}}},"statementMap":{"1":{"start":{"line":1,"column":0},"end":{"line":1,"column":45}},"2":{"start":{"line":2,"column":0},"end":{"line":2,"column":58}},"3":{"start":{"line":3,"column":0},"end":{"line":3,"column":64}},"4":{"start":{"line":5,"column":0},"end":{"line":35,"column":2}},"5":{"start":{"line":6,"column":2},"end":{"line":6,"column":34}},"6":{"start":{"line":7,"column":2},"end":{"line":7,"column":31}},"7":{"start":{"line":8,"column":2},"end":{"line":11,"column":6}},"8":{"start":{"line":13,"column":2},"end":{"line":15,"column":6}},"9":{"start":{"line":17,"column":2},"end":{"line":34,"column":4}},"10":{"start":{"line":18,"column":4},"end":{"line":18,"column":31}},"11":{"start":{"line":18,"column":17},"end":{"line":18,"column":31}},"12":{"start":{"line":19,"column":4},"end":{"line":32,"column":6}},"13":{"start":{"line":21,"column":8},"end":{"line":21,"column":26}},"14":{"start":{"line":24,"column":8},"end":{"line":24,"column":25}},"15":{"start":{"line":27,"column":8},"end":{"line":27,"column":25}},"16":{"start":{"line":30,"column":8},"end":{"line":30,"column":37}},"17":{"start":{"line":33,"column":4},"end":{"line":33,"column":18}}},"branchMap":{"1":{"line":18,"type":"if","locations":[{"start":{"line":18,"column":4},"end":{"line":18,"column":4}},{"start":{"line":18,"column":4},"end":{"line":18,"column":4}}]}}},"/Users/wxnet/Projects/talkingdata/flclover/lib/middleware/bodyparser/index.js":{"path":"/Users/wxnet/Projects/talkingdata/flclover/lib/middleware/bodyparser/index.js","s":{"1":1},"b":{},"f":{},"fnMap":{},"statementMap":{"1":{"start":{"line":1,"column":0},"end":{"line":1,"column":43}}},"branchMap":{}}}