TN:
SF:/Users/wxnet/Projects/talkingdata/flclover/index.js
FNF:0
FNH:0
DA:1,1
LF:1
LH:1
BRF:0
BRH:0
end_of_record
TN:
SF:/Users/wxnet/Projects/talkingdata/flclover/lib/application.js
FN:7,(anonymous_0)
FN:17,(anonymous_1)
FNF:2
FNH:2
FNDA:14,(anonymous_0)
FNDA:3,(anonymous_1)
DA:1,1
DA:2,1
DA:3,1
DA:4,1
DA:8,14
DA:9,14
DA:10,14
DA:11,13
DA:12,12
DA:14,11
DA:15,11
DA:16,11
DA:17,3
DA:18,3
DA:21,11
DA:22,11
DA:25,1
LF:17
LH:17
BRDA:16,0,0,3
BRDA:16,0,1,8
BRF:2
BRH:2
end_of_record
TN:
SF:/Users/wxnet/Projects/talkingdata/flclover/lib/flclover.js
FN:12,(anonymous_0)
FN:27,(anonymous_1)
FN:56,(anonymous_2)
FNF:3
FNH:3
FNDA:10,(anonymous_0)
FNDA:2,(anonymous_1)
FNDA:7,(anonymous_2)
DA:1,1
DA:2,1
DA:3,1
DA:4,1
DA:5,1
DA:6,1
DA:7,1
DA:8,1
DA:9,1
DA:10,1
DA:12,1
DA:13,10
DA:14,10
DA:15,10
DA:18,10
DA:19,9
DA:20,8
DA:23,7
DA:25,7
DA:26,7
DA:27,2
DA:28,2
DA:33,6
DA:45,6
DA:46,3
DA:48,6
DA:51,6
DA:54,6
DA:55,6
DA:56,6
DA:57,7
DA:59,6
DA:60,6
DA:62,6
DA:66,6
LF:35
LH:35
BRDA:12,0,0,0
BRDA:13,1,0,10
BRDA:13,1,1,0
BRDA:14,2,0,6
BRDA:14,2,1,4
BRDA:23,3,0,4
BRDA:23,3,1,3
BRDA:26,4,0,2
BRDA:26,4,1,5
BRDA:33,5,0,6
BRDA:33,5,1,6
BRDA:45,6,0,3
BRDA:45,6,1,3
BRDA:48,7,0,6
BRDA:48,7,1,6
BRF:15
BRH:13
end_of_record
TN:
SF:/Users/wxnet/Projects/talkingdata/flclover/lib/middleware/bodyparser/index.js
FNF:0
FNH:0
DA:1,1
LF:1
LH:1
BRF:0
BRH:0
end_of_record
TN:
SF:/Users/wxnet/Projects/talkingdata/flclover/lib/middleware/logger/index.js
FN:5,createLoggers
FN:11,(anonymous_1)
FN:18,featherLogger
FNF:3
FNH:3
FNDA:6,createLoggers
FNDA:3,(anonymous_1)
FNDA:6,featherLogger
DA:1,1
DA:2,1
DA:3,1
DA:5,1
DA:6,6
DA:7,6
DA:8,6
DA:11,3
DA:14,6
DA:18,6
DA:19,6
DA:20,6
DA:22,1
DA:25,1
DA:28,1
DA:31,1
DA:34,6
LF:17
LH:17
BRDA:5,0,0,0
BRDA:19,1,0,0
BRDA:19,1,1,6
BRF:3
BRH:1
end_of_record
TN:
SF:/Users/wxnet/Projects/talkingdata/flclover/lib/utils/index.js
FNF:0
FNH:0
DA:1,1
DA:4,29
DA:6,29
DA:7,27
DA:10,25
DA:11,22
DA:13,2
DA:14,2
DA:18,20
DA:19,20
DA:20,15
DA:22,5
LF:12
LH:12
BRDA:7,0,0,2
BRDA:7,0,1,25
BRDA:10,1,0,3
BRDA:10,1,1,22
BRDA:10,2,0,2
BRDA:10,2,1,1
BRF:6
BRH:6
end_of_record
