TN:
SF:/Users/wxnet/Projects/talkingdata/flclover/index.js
FNF:0
FNH:0
DA:1,1
LF:1
LH:1
BRF:0
BRH:0
end_of_record
TN:
SF:/Users/wxnet/Projects/talkingdata/flclover/lib/application.js
FN:7,(anonymous_0)
FN:17,(anonymous_1)
FNF:2
FNH:2
FNDA:13,(anonymous_0)
FNDA:3,(anonymous_1)
DA:1,1
DA:2,1
DA:3,1
DA:4,1
DA:8,13
DA:9,13
DA:10,13
DA:11,12
DA:12,11
DA:14,10
DA:15,10
DA:16,10
DA:17,3
DA:18,3
DA:21,10
DA:22,10
DA:25,1
LF:17
LH:17
BRDA:16,0,0,3
BRDA:16,0,1,7
BRF:2
BRH:2
end_of_record
TN:
SF:/Users/wxnet/Projects/talkingdata/flclover/lib/flclover.js
FN:12,(anonymous_0)
FN:27,(anonymous_1)
FN:56,(anonymous_2)
FNF:3
FNH:3
FNDA:9,(anonymous_0)
FNDA:2,(anonymous_1)
FNDA:6,(anonymous_2)
DA:1,1
DA:2,1
DA:3,1
DA:4,1
DA:5,1
DA:6,1
DA:7,1
DA:8,1
DA:9,1
DA:10,1
DA:12,1
DA:13,9
DA:14,9
DA:15,9
DA:18,9
DA:19,8
DA:20,7
DA:23,6
DA:25,6
DA:26,6
DA:27,2
DA:28,2
DA:33,5
DA:45,5
DA:46,2
DA:48,5
DA:51,5
DA:54,5
DA:55,5
DA:56,5
DA:57,6
DA:59,5
DA:60,5
DA:62,5
DA:66,5
LF:35
LH:35
BRDA:12,0,0,0
BRDA:13,1,0,9
BRDA:13,1,1,0
BRDA:14,2,0,5
BRDA:14,2,1,4
BRDA:23,3,0,4
BRDA:23,3,1,2
BRDA:26,4,0,2
BRDA:26,4,1,4
BRDA:33,5,0,5
BRDA:33,5,1,5
BRDA:45,6,0,2
BRDA:45,6,1,3
BRDA:48,7,0,5
BRDA:48,7,1,5
BRF:15
BRH:13
end_of_record
TN:
SF:/Users/wxnet/Projects/talkingdata/flclover/lib/middleware/bodyparser/index.js
FNF:0
FNH:0
DA:1,1
LF:1
LH:1
BRF:0
BRH:0
end_of_record
TN:
SF:/Users/wxnet/Projects/talkingdata/flclover/lib/middleware/logger/index.js
FN:5,createLoggers
FN:17,featherLogger
FNF:2
FNH:2
FNDA:5,createLoggers
FNDA:2,featherLogger
DA:1,1
DA:2,1
DA:3,1
DA:5,1
DA:6,5
DA:7,5
DA:8,5
DA:13,5
DA:17,5
DA:18,2
DA:19,2
DA:21,0
DA:24,0
DA:27,0
DA:30,0
DA:33,2
LF:16
LH:12
BRDA:5,0,0,0
BRDA:18,1,0,0
BRDA:18,1,1,2
BRF:3
BRH:1
end_of_record
TN:
SF:/Users/wxnet/Projects/talkingdata/flclover/lib/utils/index.js
FNF:0
FNH:0
DA:1,1
DA:4,20
DA:6,20
DA:7,19
DA:10,19
DA:11,19
DA:13,1
DA:14,1
DA:18,15
DA:19,15
DA:20,12
DA:22,3
LF:12
LH:12
BRDA:7,0,0,0
BRDA:7,0,1,19
BRDA:10,1,0,0
BRDA:10,1,1,19
BRDA:10,2,0,0
BRDA:10,2,1,0
BRF:6
BRH:2
end_of_record
